BEGIN;
BEGIN
EXPLAIN (ANALYZE, BUFFERS)
select
	s_name,
	s_address
from
	supplier,
	nation
where
	s_suppkey in (
		select
			distinct (ps_suppkey)
		from
			partsupp,
			part
		where
			ps_partkey=p_partkey
			and p_name like 'beige%'
			and ps_availqty > (
				select
					0.5 * sum(l_quantity)
				from
					lineitem
				where
					l_partkey = ps_partkey
					and l_suppkey = ps_suppkey
					and l_shipdate >= '1995-01-01'
					and l_shipdate < cast(date '1995-01-01' + interval '1 year' as date)
			)
	)
	and s_nationkey = n_nationkey
	and n_name = 'INDONESIA'
order by
	s_name;
                                                                                                  QUERY PLAN                                                                                                   
---------------------------------------------------------------------------------------------------------------------------------------------------------------------------------------------------------------
 Sort  (cost=12740177.87..12740180.80 rows=1169 width=51) (actual time=8494.678..8494.772 rows=1801 loops=1)
   Sort Key: supplier.s_name
   Sort Method: quicksort  Memory: 260kB
   Buffers: shared hit=2729036 read=399739 written=63155
   ->  Nested Loop  (cost=12735712.48..12740118.31 rows=1169 width=51) (actual time=8411.372..8485.847 rows=1801 loops=1)
         Join Filter: (supplier.s_nationkey = nation.n_nationkey)
         Rows Removed by Join Filter: 43371
         Buffers: shared hit=2729031 read=399739 written=63155
         ->  Seq Scan on nation  (cost=0.00..1.31 rows=1 width=4) (actual time=0.012..0.025 rows=1 loops=1)
               Filter: (n_name = 'INDONESIA'::bpchar)
               Rows Removed by Filter: 24
               Buffers: shared hit=1
         ->  Hash Semi Join  (cost=12735712.48..12739751.56 rows=29235 width=55) (actual time=8411.324..8481.603 rows=45172 loops=1)
               Hash Cond: (supplier.s_suppkey = partsupp.ps_suppkey)
               Buffers: shared hit=2729030 read=399739 written=63155
               ->  Seq Scan on supplier  (cost=0.00..3179.00 rows=100000 width=59) (actual time=0.012..30.578 rows=100000 loops=1)
                     Buffers: shared hit=2179
               ->  Hash  (cost=12735347.04..12735347.04 rows=29235 width=4) (actual time=8411.286..8411.286 rows=45172 loops=1)
                     Buckets: 4096  Batches: 1  Memory Usage: 1589kB
                     Buffers: shared hit=2726851 read=399739 written=63155
                     ->  HashAggregate  (cost=12734762.34..12735054.69 rows=29235 width=4) (actual time=8392.898..8402.611 rows=45172 loops=1)
                           Buffers: shared hit=2726851 read=399739 written=63155
                           ->  Nested Loop  (cost=0.00..12734689.26 rows=29235 width=4) (actual time=0.656..8347.330 rows=59654 loops=1)
                                 Buffers: shared hit=2726851 read=399739 written=63155
                                 ->  Seq Scan on part  (cost=0.00..65522.00 rows=22021 width=4) (actual time=0.011..570.006 rows=21871 loops=1)
                                       Filter: ((p_name)::text ~~ 'beige%'::text)
                                       Rows Removed by Filter: 1978129
                                       Buffers: shared hit=40522
                                 ->  Index Scan using pk_partsupp on partsupp  (cost=0.00..575.31 rows=1 width=8) (actual time=0.305..0.354 rows=3 loops=21871)
                                       Index Cond: (ps_partkey = part.p_partkey)
                                       Filter: ((ps_availqty)::double precision > (SubPlan 1))
                                       Rows Removed by Filter: 1
                                       Buffers: shared hit=2686329 read=399739 written=63155
                                       SubPlan 1
                                         ->  Aggregate  (cost=140.92..140.94 rows=1 width=4) (actual time=0.084..0.084 rows=1 loops=87484)
                                               Buffers: shared hit=2596107 read=399706 written=63146
                                               ->  Index Scan using lineitem_l_partkey_l_quantity_l_shipmode_idx on lineitem  (cost=0.00..140.92 rows=1 width=4) (actual time=0.052..0.083 rows=1 loops=87484)
                                                     Index Cond: (l_partkey = partsupp.ps_partkey)
                                                     Filter: ((l_shipdate >= '1995-01-01'::date) AND (l_shipdate < '1996-01-01'::date) AND (l_suppkey = partsupp.ps_suppkey))
                                                     Rows Removed by Filter: 29
                                                     Buffers: shared hit=2596107 read=399706 written=63146
 Total runtime: 8496.295 ms
(42 rows)

COMMIT;
COMMIT
