BEGIN;
BEGIN
EXPLAIN (ANALYZE, BUFFERS)
select
	sum(l_extendedprice* (1 - l_discount)) as revenue
from
	lineitem,
	part
where
	(
		p_partkey = l_partkey
		and p_brand = 'Brand#15'
		and p_container in ('SM CASE', 'SM BOX', 'SM PACK', 'SM PKG')
		and l_quantity >= 7 and l_quantity <= 7+10
		and p_size between 1 and 5
		and l_shipmode in ('AIR', 'AIR REG')
		and l_shipinstruct = 'DELIVER IN PERSON'
	)
	or
	(
		p_partkey = l_partkey
		and p_brand = 'Brand#24'
		and p_container in ('MED BAG', 'MED BOX', 'MED PKG', 'MED PACK')
		and l_quantity >= 14 and l_quantity <= 14+10
		and p_size between 1 and 10
		and l_shipmode in ('AIR', 'AIR REG')
		and l_shipinstruct = 'DELIVER IN PERSON'
	)
	or
	(
		p_partkey = l_partkey
		and p_brand = 'Brand#14'
		and p_container in ('LG CASE', 'LG BOX', 'LG PACK', 'LG PKG')
		and l_quantity >= 24 and l_quantity <= 24+10
		and p_size between 1 and 15
		and l_shipmode in ('AIR', 'AIR REG')
		and l_shipinstruct = 'DELIVER IN PERSON'
	);
                                                                                                                                                                                                                                                                                                                                                                                                                                                                                                                                                                                                       QUERY PLAN                                                                                                                                                                                                                                                                                                                                                                                                                                                                                                                                                                                                       
------------------------------------------------------------------------------------------------------------------------------------------------------------------------------------------------------------------------------------------------------------------------------------------------------------------------------------------------------------------------------------------------------------------------------------------------------------------------------------------------------------------------------------------------------------------------------------------------------------------------------------------------------------------------------------------------------------------------------------------------------------------------------------------------------------------------------------------------------------------------------------------------------------------------------------------------------------------------------------------------------------------------------------------------------------------------------------------------------------------------------------------------------------------------------------------------------------------------
 Aggregate  (cost=419014.86..419014.87 rows=1 width=8) (actual time=1373.120..1373.121 rows=1 loops=1)
   Buffers: shared hit=107926 read=36731 dirtied=204
   ->  Nested Loop  (cost=13467.98..419007.24 rows=1017 width=8) (actual time=204.736..1371.516 rows=1159 loops=1)
         Buffers: shared hit=107926 read=36731 dirtied=204
         ->  Bitmap Heap Scan on part  (cost=13467.98..37585.92 rows=10369 width=30) (actual time=204.424..288.867 rows=10566 loops=1)
               Recheck Cond: (((p_container = ANY ('{"SM CASE","SM BOX","SM PACK","SM PKG"}'::bpchar[])) AND (p_brand = 'Brand#15'::bpchar) AND (p_size <= 5) AND (p_size >= 1)) OR ((p_container = ANY ('{"MED BAG","MED BOX","MED PKG","MED PACK"}'::bpchar[])) AND (p_brand = 'Brand#24'::bpchar) AND (p_size <= 10) AND (p_size >= 1)) OR ((p_container = ANY ('{"LG CASE","LG BOX","LG PACK","LG PKG"}'::bpchar[])) AND (p_brand = 'Brand#14'::bpchar)))
               Filter: (p_size >= 1)
               Buffers: shared hit=9871 read=1265
               ->  BitmapOr  (cost=13467.98..13467.98 rows=10379 width=0) (actual time=202.157..202.157 rows=0 loops=1)
                     Buffers: shared hit=561 read=1265
                     ->  BitmapAnd  (cost=4488.14..4488.14 rows=792 width=0) (actual time=75.949..75.949 rows=0 loops=1)
                           Buffers: shared hit=5 read=605
                           ->  Bitmap Index Scan on part_p_container_p_brand_p_partkey_idx  (cost=0.00..288.77 rows=7928 width=0) (actual time=4.586..4.586 rows=8004 loops=1)
                                 Index Cond: ((p_container = ANY ('{"SM CASE","SM BOX","SM PACK","SM PKG"}'::bpchar[])) AND (p_brand = 'Brand#15'::bpchar))
                                 Buffers: shared hit=4 read=57
                           ->  Bitmap Index Scan on part_p_size_idx  (cost=0.00..4193.94 rows=199747 width=0) (actual time=68.335..68.335 rows=199678 loops=1)
                                 Index Cond: ((p_size <= 5) AND (p_size >= 1))
                                 Buffers: shared hit=1 read=548
                     ->  BitmapAnd  (cost=8687.62..8687.62 rows=1599 width=0) (actual time=120.786..120.786 rows=0 loops=1)
                           Buffers: shared hit=552 read=602
                           ->  Bitmap Index Scan on part_p_container_p_brand_p_partkey_idx  (cost=0.00..289.45 rows=7995 width=0) (actual time=5.108..5.108 rows=7962 loops=1)
                                 Index Cond: ((p_container = ANY ('{"MED BAG","MED BOX","MED PKG","MED PACK"}'::bpchar[])) AND (p_brand = 'Brand#24'::bpchar))
                                 Buffers: shared hit=4 read=56
                           ->  Bitmap Index Scan on part_p_size_idx  (cost=0.00..8392.74 rows=400027 width=0) (actual time=112.786..112.786 rows=399409 loops=1)
                                 Index Cond: ((p_size <= 10) AND (p_size >= 1))
                                 Buffers: shared hit=548 read=546
                     ->  Bitmap Index Scan on part_p_container_p_brand_p_partkey_idx  (cost=0.00..289.37 rows=7988 width=0) (actual time=4.925..4.925 rows=8083 loops=1)
                           Index Cond: ((p_container = ANY ('{"LG CASE","LG BOX","LG PACK","LG PKG"}'::bpchar[])) AND (p_brand = 'Brand#14'::bpchar))
                           Buffers: shared hit=4 read=58
         ->  Index Scan using lineitem_l_partkey_l_quantity_l_shipmode_idx on lineitem  (cost=0.00..36.77 rows=1 width=16) (actual time=0.093..0.098 rows=0 loops=10566)
               Index Cond: ((l_partkey = part.p_partkey) AND (l_shipmode = ANY ('{AIR,"AIR REG"}'::bpchar[])))
               Filter: ((l_shipinstruct = 'DELIVER IN PERSON'::bpchar) AND (((l_quantity >= 7::double precision) AND (l_quantity <= 17::double precision) AND (l_shipmode = ANY ('{AIR,"AIR REG"}'::bpchar[]))) OR ((l_quantity >= 14::double precision) AND (l_quantity <= 24::double precision) AND (l_shipmode = ANY ('{AIR,"AIR REG"}'::bpchar[]))) OR ((l_quantity >= 24::double precision) AND (l_quantity <= 34::double precision) AND (l_shipmode = ANY ('{AIR,"AIR REG"}'::bpchar[])))) AND (((part.p_brand = 'Brand#15'::bpchar) AND (part.p_container = ANY ('{"SM CASE","SM BOX","SM PACK","SM PKG"}'::bpchar[])) AND (l_quantity >= 7::double precision) AND (l_quantity <= 17::double precision) AND (part.p_size <= 5)) OR ((part.p_brand = 'Brand#24'::bpchar) AND (part.p_container = ANY ('{"MED BAG","MED BOX","MED PKG","MED PACK"}'::bpchar[])) AND (l_quantity >= 14::double precision) AND (l_quantity <= 24::double precision) AND (part.p_size <= 10)) OR ((part.p_brand = 'Brand#14'::bpchar) AND (part.p_container = ANY ('{"LG CASE","LG BOX","LG PACK","LG PKG"}'::bpchar[])) AND (l_quantity >= 24::double precision) AND (l_quantity <= 34::double precision) AND (part.p_size <= 15))))
               Rows Removed by Filter: 4
               Buffers: shared hit=98055 read=35466 dirtied=204
 Total runtime: 1373.593 ms
(35 rows)

COMMIT;
COMMIT
