BEGIN;
BEGIN
EXPLAIN (ANALYZE, BUFFERS)
select
	s_name,
	s_address
from
	supplier,
	nation
where
	s_suppkey in (
		select
			distinct (ps_suppkey)
		from
			partsupp,
			part
		where
			ps_partkey=p_partkey
			and p_name like 'spring%'
			and ps_availqty > (
				select
					0.5 * sum(l_quantity)
				from
					lineitem
				where
					l_partkey = ps_partkey
					and l_suppkey = ps_suppkey
					and l_shipdate >= '1994-01-01'
					and l_shipdate < cast(date '1994-01-01' + interval '1 year' as date)
			)
	)
	and s_nationkey = n_nationkey
	and n_name = 'MOROCCO'
order by
	s_name;
                                                                                                  QUERY PLAN                                                                                                   
---------------------------------------------------------------------------------------------------------------------------------------------------------------------------------------------------------------
 Sort  (cost=12740177.87..12740180.80 rows=1169 width=51) (actual time=14656.661..14656.784 rows=1846 loops=1)
   Sort Key: supplier.s_name
   Sort Method: quicksort  Memory: 264kB
   Buffers: shared hit=2728648 read=426586 dirtied=3508 written=1763
   ->  Nested Loop  (cost=12735712.48..12740118.31 rows=1169 width=51) (actual time=14527.635..14642.008 rows=1846 loops=1)
         Join Filter: (supplier.s_nationkey = nation.n_nationkey)
         Rows Removed by Join Filter: 43274
         Buffers: shared hit=2728643 read=426586 dirtied=3508 written=1763
         ->  Seq Scan on nation  (cost=0.00..1.31 rows=1 width=4) (actual time=0.011..0.019 rows=1 loops=1)
               Filter: (n_name = 'MOROCCO'::bpchar)
               Rows Removed by Filter: 24
               Buffers: shared hit=1
         ->  Hash Semi Join  (cost=12735712.48..12739751.56 rows=29235 width=55) (actual time=14527.614..14637.038 rows=45120 loops=1)
               Hash Cond: (supplier.s_suppkey = partsupp.ps_suppkey)
               Buffers: shared hit=2728642 read=426586 dirtied=3508 written=1763
               ->  Seq Scan on supplier  (cost=0.00..3179.00 rows=100000 width=59) (actual time=0.018..28.110 rows=100000 loops=1)
                     Buffers: shared hit=2179
               ->  Hash  (cost=12735347.04..12735347.04 rows=29235 width=4) (actual time=14527.551..14527.551 rows=45120 loops=1)
                     Buckets: 4096  Batches: 1  Memory Usage: 1587kB
                     Buffers: shared hit=2726463 read=426586 dirtied=3508 written=1763
                     ->  HashAggregate  (cost=12734762.34..12735054.69 rows=29235 width=4) (actual time=14494.593..14517.460 rows=45120 loops=1)
                           Buffers: shared hit=2726463 read=426586 dirtied=3508 written=1763
                           ->  Nested Loop  (cost=0.00..12734689.26 rows=29235 width=4) (actual time=0.702..14380.218 rows=59726 loops=1)
                                 Buffers: shared hit=2726463 read=426586 dirtied=3508 written=1763
                                 ->  Seq Scan on part  (cost=0.00..65522.00 rows=22021 width=4) (actual time=0.004..1231.223 rows=22049 loops=1)
                                       Filter: ((p_name)::text ~~ 'spring%'::text)
                                       Rows Removed by Filter: 1977951
                                       Buffers: shared hit=1 read=40521 written=160
                                 ->  Index Scan using pk_partsupp on partsupp  (cost=0.00..575.31 rows=1 width=8) (actual time=0.477..0.594 rows=3 loops=22049)
                                       Index Cond: (ps_partkey = part.p_partkey)
                                       Filter: ((ps_availqty)::double precision > (SubPlan 1))
                                       Rows Removed by Filter: 1
                                       Buffers: shared hit=2726462 read=386065 dirtied=3508 written=1603
                                       SubPlan 1
                                         ->  Aggregate  (cost=140.92..140.94 rows=1 width=4) (actual time=0.138..0.138 rows=1 loops=88196)
                                               Buffers: shared hit=2657680 read=363657 dirtied=3508 written=1551
                                               ->  Index Scan using lineitem_l_partkey_l_quantity_l_shipmode_idx on lineitem  (cost=0.00..140.92 rows=1 width=4) (actual time=0.086..0.136 rows=1 loops=88196)
                                                     Index Cond: (l_partkey = partsupp.ps_partkey)
                                                     Filter: ((l_shipdate >= '1994-01-01'::date) AND (l_shipdate < '1995-01-01'::date) AND (l_suppkey = partsupp.ps_suppkey))
                                                     Rows Removed by Filter: 29
                                                     Buffers: shared hit=2657680 read=363657 dirtied=3508 written=1551
 Total runtime: 14658.730 ms
(42 rows)

COMMIT;
COMMIT
