BEGIN;
BEGIN
EXPLAIN (ANALYZE, BUFFERS)
select
	s_name,
	s_address
from
	supplier,
	nation
where
	s_suppkey in (
		select
			distinct (ps_suppkey)
		from
			partsupp,
			part
		where
			ps_partkey=p_partkey
			and p_name like 'bisque%'
			and ps_availqty > (
				select
					0.5 * sum(l_quantity)
				from
					lineitem
				where
					l_partkey = ps_partkey
					and l_suppkey = ps_suppkey
					and l_shipdate >= '1997-01-01'
					and l_shipdate < cast(date '1997-01-01' + interval '1 year' as date)
			)
	)
	and s_nationkey = n_nationkey
	and n_name = 'IRAQ'
order by
	s_name;
                                                                                                  QUERY PLAN                                                                                                   
---------------------------------------------------------------------------------------------------------------------------------------------------------------------------------------------------------------
 Sort  (cost=12740177.87..12740180.80 rows=1169 width=51) (actual time=15679.476..15679.621 rows=1848 loops=1)
   Sort Key: supplier.s_name
   Sort Method: quicksort  Memory: 264kB
   Buffers: shared hit=2788914 read=353292 dirtied=4401 written=237
   ->  Nested Loop  (cost=12735712.48..12740118.31 rows=1169 width=51) (actual time=15534.433..15669.934 rows=1848 loops=1)
         Join Filter: (supplier.s_nationkey = nation.n_nationkey)
         Rows Removed by Join Filter: 43213
         Buffers: shared hit=2788909 read=353292 dirtied=4401 written=237
         ->  Seq Scan on nation  (cost=0.00..1.31 rows=1 width=4) (actual time=0.016..0.024 rows=1 loops=1)
               Filter: (n_name = 'IRAQ'::bpchar)
               Rows Removed by Filter: 24
               Buffers: shared hit=1
         ->  Hash Semi Join  (cost=12735712.48..12739751.56 rows=29235 width=55) (actual time=15534.126..15664.951 rows=45061 loops=1)
               Hash Cond: (supplier.s_suppkey = partsupp.ps_suppkey)
               Buffers: shared hit=2788908 read=353292 dirtied=4401 written=237
               ->  Seq Scan on supplier  (cost=0.00..3179.00 rows=100000 width=59) (actual time=0.022..30.933 rows=100000 loops=1)
                     Buffers: shared hit=2179
               ->  Hash  (cost=12735347.04..12735347.04 rows=29235 width=4) (actual time=15534.031..15534.031 rows=45061 loops=1)
                     Buckets: 4096  Batches: 1  Memory Usage: 1585kB
                     Buffers: shared hit=2786729 read=353292 dirtied=4401 written=237
                     ->  HashAggregate  (cost=12734762.34..12735054.69 rows=29235 width=4) (actual time=15498.006..15523.242 rows=45061 loops=1)
                           Buffers: shared hit=2786729 read=353292 dirtied=4401 written=237
                           ->  Nested Loop  (cost=0.00..12734689.26 rows=29235 width=4) (actual time=0.910..15371.185 rows=59761 loops=1)
                                 Buffers: shared hit=2786729 read=353292 dirtied=4401 written=237
                                 ->  Seq Scan on part  (cost=0.00..65522.00 rows=22021 width=4) (actual time=0.014..1304.673 rows=21903 loops=1)
                                       Filter: ((p_name)::text ~~ 'bisque%'::text)
                                       Rows Removed by Filter: 1978097
                                       Buffers: shared hit=6170 read=34352 written=22
                                 ->  Index Scan using pk_partsupp on partsupp  (cost=0.00..575.31 rows=1 width=8) (actual time=0.495..0.639 rows=3 loops=21903)
                                       Index Cond: (ps_partkey = part.p_partkey)
                                       Filter: ((ps_availqty)::double precision > (SubPlan 1))
                                       Rows Removed by Filter: 1
                                       Buffers: shared hit=2780559 read=318940 dirtied=4401 written=215
                                       SubPlan 1
                                         ->  Aggregate  (cost=140.92..140.94 rows=1 width=4) (actual time=0.148..0.149 rows=1 loops=87612)
                                               Buffers: shared hit=2710803 read=298133 dirtied=4401 written=199
                                               ->  Index Scan using lineitem_l_partkey_l_quantity_l_shipmode_idx on lineitem  (cost=0.00..140.92 rows=1 width=4) (actual time=0.092..0.146 rows=1 loops=87612)
                                                     Index Cond: (l_partkey = partsupp.ps_partkey)
                                                     Filter: ((l_shipdate >= '1997-01-01'::date) AND (l_shipdate < '1998-01-01'::date) AND (l_suppkey = partsupp.ps_suppkey))
                                                     Rows Removed by Filter: 29
                                                     Buffers: shared hit=2710803 read=298133 dirtied=4401 written=199
 Total runtime: 15681.564 ms
(42 rows)

COMMIT;
COMMIT
