BEGIN;
BEGIN
EXPLAIN (ANALYZE, BUFFERS)
select
	s_name,
	s_address
from
	supplier,
	nation
where
	s_suppkey in (
		select
			distinct (ps_suppkey)
		from
			partsupp,
			part
		where
			ps_partkey=p_partkey
			and p_name like 'salmon%'
			and ps_availqty > (
				select
					0.5 * sum(l_quantity)
				from
					lineitem
				where
					l_partkey = ps_partkey
					and l_suppkey = ps_suppkey
					and l_shipdate >= '1996-01-01'
					and l_shipdate < cast(date '1996-01-01' + interval '1 year' as date)
			)
	)
	and s_nationkey = n_nationkey
	and n_name = 'PERU'
order by
	s_name;
                                                                                                  QUERY PLAN                                                                                                   
---------------------------------------------------------------------------------------------------------------------------------------------------------------------------------------------------------------
 Sort  (cost=12740177.87..12740180.80 rows=1169 width=51) (actual time=15730.079..15730.188 rows=1768 loops=1)
   Sort Key: supplier.s_name
   Sort Method: quicksort  Memory: 255kB
   Buffers: shared hit=2702721 read=401238 dirtied=801 written=493
   ->  Nested Loop  (cost=12735712.48..12740118.31 rows=1169 width=51) (actual time=15571.403..15721.886 rows=1768 loops=1)
         Join Filter: (supplier.s_nationkey = nation.n_nationkey)
         Rows Removed by Join Filter: 42987
         Buffers: shared hit=2702716 read=401238 dirtied=801 written=493
         ->  Seq Scan on nation  (cost=0.00..1.31 rows=1 width=4) (actual time=0.019..0.027 rows=1 loops=1)
               Filter: (n_name = 'PERU'::bpchar)
               Rows Removed by Filter: 24
               Buffers: shared hit=1
         ->  Hash Semi Join  (cost=12735712.48..12739751.56 rows=29235 width=55) (actual time=15571.375..15717.046 rows=44755 loops=1)
               Hash Cond: (supplier.s_suppkey = partsupp.ps_suppkey)
               Buffers: shared hit=2702715 read=401238 dirtied=801 written=493
               ->  Seq Scan on supplier  (cost=0.00..3179.00 rows=100000 width=59) (actual time=0.017..29.124 rows=100000 loops=1)
                     Buffers: shared hit=2166 read=13
               ->  Hash  (cost=12735347.04..12735347.04 rows=29235 width=4) (actual time=15571.314..15571.314 rows=44755 loops=1)
                     Buckets: 4096  Batches: 1  Memory Usage: 1574kB
                     Buffers: shared hit=2700549 read=401225 dirtied=801 written=493
                     ->  HashAggregate  (cost=12734762.34..12735054.69 rows=29235 width=4) (actual time=15534.616..15561.367 rows=44755 loops=1)
                           Buffers: shared hit=2700549 read=401225 dirtied=801 written=493
                           ->  Nested Loop  (cost=0.00..12734689.26 rows=29235 width=4) (actual time=1.219..15412.273 rows=59121 loops=1)
                                 Buffers: shared hit=2700549 read=401225 dirtied=801 written=493
                                 ->  Seq Scan on part  (cost=0.00..65522.00 rows=22021 width=4) (actual time=0.074..1269.403 rows=21733 loops=1)
                                       Filter: ((p_name)::text ~~ 'salmon%'::text)
                                       Rows Removed by Filter: 1978267
                                       Buffers: shared hit=4931 read=35591 written=52
                                 ->  Index Scan using pk_partsupp on partsupp  (cost=0.00..575.31 rows=1 width=8) (actual time=0.516..0.648 rows=3 loops=21733)
                                       Index Cond: (ps_partkey = part.p_partkey)
                                       Filter: ((ps_availqty)::double precision > (SubPlan 1))
                                       Rows Removed by Filter: 1
                                       Buffers: shared hit=2695618 read=365634 dirtied=801 written=441
                                       SubPlan 1
                                         ->  Aggregate  (cost=140.92..140.94 rows=1 width=4) (actual time=0.150..0.150 rows=1 loops=86932)
                                               Buffers: shared hit=2632185 read=339289 dirtied=801 written=418
                                               ->  Index Scan using lineitem_l_partkey_l_quantity_l_shipmode_idx on lineitem  (cost=0.00..140.92 rows=1 width=4) (actual time=0.094..0.148 rows=1 loops=86932)
                                                     Index Cond: (l_partkey = partsupp.ps_partkey)
                                                     Filter: ((l_shipdate >= '1996-01-01'::date) AND (l_shipdate < '1997-01-01'::date) AND (l_suppkey = partsupp.ps_suppkey))
                                                     Rows Removed by Filter: 29
                                                     Buffers: shared hit=2632185 read=339289 dirtied=801 written=418
 Total runtime: 15732.249 ms
(42 rows)

COMMIT;
COMMIT
