BEGIN;
BEGIN
EXPLAIN (ANALYZE, BUFFERS)
select
	supp_nation,
	cust_nation,
	l_year,
	sum(volume) as revenue
from
	(
		select
			n1.n_name as supp_nation,
			n2.n_name as cust_nation,
			extract(year from l_shipdate) as l_year,
			l_extendedprice * (1 - l_discount) as volume
		from
			supplier,
			lineitem,
			orders,
			customer,
			nation n1,
			nation n2
		where
			s_suppkey = l_suppkey
			and o_orderkey = l_orderkey
			and c_custkey = o_custkey
			and s_nationkey = n1.n_nationkey
			and c_nationkey = n2.n_nationkey
			and (
				(n1.n_name = 'GERMANY' and n2.n_name = 'FRANCE')
				or (n1.n_name = 'FRANCE' and n2.n_name = 'GERMANY')
			)
			and l_shipdate between date '1995-01-01' and date '1996-12-31'
	) as shipping
group by
	supp_nation,
	cust_nation,
	l_year
order by
	supp_nation,
	cust_nation,
	l_year;
                                                                                                  QUERY PLAN                                                                                                   
---------------------------------------------------------------------------------------------------------------------------------------------------------------------------------------------------------------
 GroupAggregate  (cost=2371874.85..2373787.02 rows=58836 width=64) (actual time=85314.237..85339.435 rows=4 loops=1)
   Buffers: shared hit=1047494 read=391233 written=1384
   ->  Sort  (cost=2371874.85..2372021.94 rows=58836 width=64) (actual time=85305.952..85309.828 rows=58419 loops=1)
         Sort Key: n1.n_name, n2.n_name, (date_part('year'::text, (lineitem.l_shipdate)::timestamp without time zone))
         Sort Method: quicksort  Memory: 9752kB
         Buffers: shared hit=1047494 read=391233 written=1384
         ->  Hash Join  (cost=900632.74..2367213.74 rows=58836 width=64) (actual time=47314.816..85021.001 rows=58419 loops=1)
               Hash Cond: ((lineitem.l_suppkey = supplier.s_suppkey) AND (n1.n_nationkey = supplier.s_nationkey))
               Buffers: shared hit=1047486 read=391233 written=1384
               ->  Hash Join  (cost=895953.74..2332195.86 rows=1472817 width=72) (actual time=46550.875..80956.643 rows=1464950 loops=1)
                     Hash Cond: (lineitem.l_orderkey = orders.o_orderkey)
                     Buffers: shared hit=1045304 read=391233 written=1384
                     ->  Bitmap Heap Scan on lineitem  (cost=388954.64..1741374.99 rows=18424957 width=20) (actual time=15762.687..31738.671 rows=18246199 loops=1)
                           Recheck Cond: ((l_shipdate >= '1995-01-01'::date) AND (l_shipdate <= '1996-12-31'::date))
                           Buffers: shared hit=793922 read=328327 written=1384
                           ->  Bitmap Index Scan on lineitem_l_shipdate_l_suppkey__idx  (cost=0.00..384348.40 rows=18424957 width=0) (actual time=14960.126..14960.126 rows=18410988 loops=1)
                                 Index Cond: ((l_shipdate >= '1995-01-01'::date) AND (l_shipdate <= '1996-12-31'::date))
                                 Buffers: shared read=49815 written=72
                     ->  Hash  (cost=491861.27..491861.27 rows=1211027 width=60) (actual time=30787.454..30787.454 rows=1206939 loops=1)
                           Buckets: 131072  Batches: 1  Memory Usage: 108436kB
                           Buffers: shared hit=251382 read=62906
                           ->  Hash Join  (cost=15638.06..491861.27 rows=1211027 width=60) (actual time=780.787..30005.332 rows=1206939 loops=1)
                                 Hash Cond: (orders.o_custkey = customer.c_custkey)
                                 Buffers: shared hit=251382 read=62906
                                 ->  Seq Scan on orders  (cost=0.00..407300.59 rows=15149959 width=8) (actual time=0.015..5070.906 rows=15015000 loops=1)
                                       Buffers: shared hit=220111 read=35690
                                 ->  Hash  (cost=14139.26..14139.26 rows=119904 width=60) (actual time=780.658..780.658 rows=120469 loops=1)
                                       Buckets: 16384  Batches: 1  Memory Usage: 10824kB
                                       Buffers: shared hit=31271 read=27216
                                       ->  Nested Loop  (cost=905.09..14139.26 rows=119904 width=60) (actual time=21.059..702.793 rows=120469 loops=1)
                                             Buffers: shared hit=31271 read=27216
                                             ->  Nested Loop  (cost=0.00..28.00 rows=2 width=60) (actual time=0.119..0.417 rows=2 loops=1)
                                                   Join Filter: (((n1.n_name = 'GERMANY'::bpchar) AND (n2.n_name = 'FRANCE'::bpchar)) OR ((n1.n_name = 'FRANCE'::bpchar) AND (n2.n_name = 'GERMANY'::bpchar)))
                                                   Rows Removed by Join Filter: 623
                                                   Buffers: shared hit=3
                                                   ->  Index Scan using pk_nation on nation n1  (cost=0.00..12.63 rows=25 width=30) (actual time=0.012..0.028 rows=25 loops=1)
                                                         Buffers: shared hit=2
                                                   ->  Materialize  (cost=0.00..1.38 rows=25 width=30) (actual time=0.001..0.004 rows=25 loops=25)
                                                         Buffers: shared hit=1
                                                         ->  Seq Scan on nation n2  (cost=0.00..1.25 rows=25 width=30) (actual time=0.003..0.006 rows=25 loops=1)
                                                               Buffers: shared hit=1
                                             ->  Bitmap Heap Scan on customer  (cost=905.09..6455.63 rows=60000 width=8) (actual time=24.793..333.352 rows=60234 loops=2)
                                                   Recheck Cond: (c_nationkey = n2.n_nationkey)
                                                   Buffers: shared hit=31268 read=27216
                                                   ->  Bitmap Index Scan on customer_c_nationkey_c_custkey_idx  (cost=0.00..890.09 rows=60000 width=0) (actual time=16.447..16.447 rows=60234 loops=2)
                                                         Index Cond: (c_nationkey = n2.n_nationkey)
                                                         Buffers: shared hit=3 read=333
               ->  Hash  (cost=3179.00..3179.00 rows=100000 width=8) (actual time=763.556..763.556 rows=100000 loops=1)
                     Buckets: 16384  Batches: 1  Memory Usage: 3907kB
                     Buffers: shared hit=2179
                     ->  Seq Scan on supplier  (cost=0.00..3179.00 rows=100000 width=8) (actual time=0.015..68.805 rows=100000 loops=1)
                           Buffers: shared hit=2179
 Total runtime: 85361.455 ms
(53 rows)

COMMIT;
COMMIT
