BEGIN;
BEGIN
EXPLAIN (ANALYZE, BUFFERS)
select
	c_custkey,
	c_name,
	sum(l_extendedprice * (1 - l_discount)) as revenue,
	c_acctbal,
	n_name,
	c_address,
	c_phone,
	c_comment
from
	customer,
	orders,
	lineitem,
	nation
where
	c_custkey = o_custkey
	and l_orderkey = o_orderkey
	and o_orderdate >= date '1994-02-01'
	and o_orderdate < cast(date '1994-02-01' + interval '3 month' as date)
	and l_returnflag = 'R'
	and c_nationkey = n_nationkey
group by
	c_custkey,
	c_name,
	c_acctbal,
	c_phone,
	n_name,
	c_address,
	c_comment
order by
	revenue desc
LIMIT 20;
                                                                                                QUERY PLAN                                                                                                 
-----------------------------------------------------------------------------------------------------------------------------------------------------------------------------------------------------------
 Limit  (cost=1176936.52..1176936.57 rows=20 width=175) (actual time=29708.352..29708.360 rows=20 loops=1)
   Buffers: shared hit=1136034 read=271309 dirtied=349 written=1951
   ->  Sort  (cost=1176936.52..1178296.45 rows=543972 width=175) (actual time=29708.347..29708.352 rows=20 loops=1)
         Sort Key: (sum((lineitem.l_extendedprice * (1::double precision - lineitem.l_discount))))
         Sort Method: top-N heapsort  Memory: 30kB
         Buffers: shared hit=1136034 read=271309 dirtied=349 written=1951
         ->  HashAggregate  (cost=1157021.90..1162461.62 rows=543972 width=175) (actual time=29228.245..29557.050 rows=371904 loops=1)
               Buffers: shared hit=1136031 read=271309 dirtied=349 written=1951
               ->  Hash Join  (cost=395141.00..1143422.60 rows=543972 width=175) (actual time=8181.016..26124.152 rows=1109371 loops=1)
                     Hash Cond: (customer.c_nationkey = nation.n_nationkey)
                     Buffers: shared hit=1136031 read=271309 dirtied=349 written=1951
                     ->  Hash Join  (cost=395139.44..1135941.42 rows=543972 width=153) (actual time=8180.970..25494.333 rows=1109371 loops=1)
                           Hash Cond: (orders.o_custkey = customer.c_custkey)
                           Buffers: shared hit=1136030 read=271309 dirtied=349 written=1951
                           ->  Merge Join  (cost=326111.44..1056033.98 rows=543972 width=12) (actual time=6094.438..21339.369 rows=1109371 loops=1)
                                 Merge Cond: (orders.o_orderkey = lineitem.l_orderkey)
                                 Buffers: shared hit=1101478 read=270583 dirtied=349 written=1951
                                 ->  Sort  (cost=326103.98..327482.98 rows=551601 width=8) (actual time=6094.288..6246.892 rows=554213 loops=1)
                                       Sort Key: orders.o_orderkey
                                       Sort Method: quicksort  Memory: 50555kB
                                       Buffers: shared hit=4 read=227572 dirtied=235
                                       ->  Bitmap Heap Scan on orders  (cost=11703.81..273499.82 rows=551601 width=8) (actual time=419.070..5789.457 rows=554213 loops=1)
                                             Recheck Cond: ((o_orderdate >= '1994-02-01'::date) AND (o_orderdate < '1994-05-01'::date))
                                             Buffers: shared hit=4 read=227572 dirtied=235
                                             ->  Bitmap Index Scan on orders_o_orderdate_o_orderkey_idx  (cost=0.00..11565.91 rows=551601 width=0) (actual time=307.256..307.256 rows=554821 loops=1)
                                                   Index Cond: ((o_orderdate >= '1994-02-01'::date) AND (o_orderdate < '1994-05-01'::date))
                                                   Buffers: shared hit=2 read=1516
                                 ->  Index Scan using lineitem_l_orderkey_idx_l_returnflag on lineitem  (cost=0.00..684713.99 rows=14807321 width=12) (actual time=0.103..12051.888 rows=14808303 loops=1)
                                       Buffers: shared hit=1101474 read=43011 dirtied=114 written=1951
                           ->  Hash  (cost=50278.00..50278.00 rows=1500000 width=145) (actual time=2084.485..2084.485 rows=1500000 loops=1)
                                 Buckets: 262144  Batches: 1  Memory Usage: 265117kB
                                 Buffers: shared hit=34552 read=726
                                 ->  Seq Scan on customer  (cost=0.00..50278.00 rows=1500000 width=145) (actual time=0.015..891.231 rows=1500000 loops=1)
                                       Buffers: shared hit=34552 read=726
                     ->  Hash  (cost=1.25..1.25 rows=25 width=30) (actual time=0.025..0.025 rows=25 loops=1)
                           Buckets: 1024  Batches: 1  Memory Usage: 2kB
                           Buffers: shared hit=1
                           ->  Seq Scan on nation  (cost=0.00..1.25 rows=25 width=30) (actual time=0.010..0.013 rows=25 loops=1)
                                 Buffers: shared hit=1
 Total runtime: 29750.541 ms
(40 rows)

COMMIT;
COMMIT
