BEGIN;
BEGIN
EXPLAIN (ANALYZE, BUFFERS)
select
	s_name,
	s_address
from
	supplier,
	nation
where
	s_suppkey in (
		select
			distinct (ps_suppkey)
		from
			partsupp,
			part
		where
			ps_partkey=p_partkey
			and p_name like 'cyan%'
			and ps_availqty > (
				select
					0.5 * sum(l_quantity)
				from
					lineitem
				where
					l_partkey = ps_partkey
					and l_suppkey = ps_suppkey
					and l_shipdate >= '1995-01-01'
					and l_shipdate < cast(date '1995-01-01' + interval '1 year' as date)
			)
	)
	and s_nationkey = n_nationkey
	and n_name = 'GERMANY'
order by
	s_name;
                                                                                                  QUERY PLAN                                                                                                   
---------------------------------------------------------------------------------------------------------------------------------------------------------------------------------------------------------------
 Sort  (cost=12740177.87..12740180.80 rows=1169 width=51) (actual time=15396.505..15396.621 rows=1833 loops=1)
   Sort Key: supplier.s_name
   Sort Method: quicksort  Memory: 259kB
   Buffers: shared hit=2683583 read=458102 dirtied=5616 written=38150
   ->  Nested Loop  (cost=12735712.48..12740118.31 rows=1169 width=51) (actual time=15294.589..15389.218 rows=1833 loops=1)
         Join Filter: (supplier.s_nationkey = nation.n_nationkey)
         Rows Removed by Join Filter: 43093
         Buffers: shared hit=2683578 read=458102 dirtied=5616 written=38150
         ->  Seq Scan on nation  (cost=0.00..1.31 rows=1 width=4) (actual time=0.011..0.019 rows=1 loops=1)
               Filter: (n_name = 'GERMANY'::bpchar)
               Rows Removed by Filter: 24
               Buffers: shared hit=1
         ->  Hash Semi Join  (cost=12735712.48..12739751.56 rows=29235 width=55) (actual time=15294.516..15384.412 rows=44926 loops=1)
               Hash Cond: (supplier.s_suppkey = partsupp.ps_suppkey)
               Buffers: shared hit=2683577 read=458102 dirtied=5616 written=38150
               ->  Seq Scan on supplier  (cost=0.00..3179.00 rows=100000 width=59) (actual time=0.015..32.438 rows=100000 loops=1)
                     Buffers: shared hit=2179
               ->  Hash  (cost=12735347.04..12735347.04 rows=29235 width=4) (actual time=15294.465..15294.465 rows=44926 loops=1)
                     Buckets: 4096  Batches: 1  Memory Usage: 1580kB
                     Buffers: shared hit=2681398 read=458102 dirtied=5616 written=38150
                     ->  HashAggregate  (cost=12734762.34..12735054.69 rows=29235 width=4) (actual time=15253.494..15281.173 rows=44926 loops=1)
                           Buffers: shared hit=2681398 read=458102 dirtied=5616 written=38150
                           ->  Nested Loop  (cost=0.00..12734689.26 rows=29235 width=4) (actual time=0.976..15141.286 rows=59459 loops=1)
                                 Buffers: shared hit=2681398 read=458102 dirtied=5616 written=38150
                                 ->  Seq Scan on part  (cost=0.00..65522.00 rows=22021 width=4) (actual time=0.047..1060.795 rows=21901 loops=1)
                                       Filter: ((p_name)::text ~~ 'cyan%'::text)
                                       Rows Removed by Filter: 1978099
                                       Buffers: shared hit=18591 read=21931 written=1737
                                 ->  Index Scan using pk_partsupp on partsupp  (cost=0.00..575.31 rows=1 width=8) (actual time=0.522..0.640 rows=3 loops=21901)
                                       Index Cond: (ps_partkey = part.p_partkey)
                                       Filter: ((ps_availqty)::double precision > (SubPlan 1))
                                       Rows Removed by Filter: 1
                                       Buffers: shared hit=2662807 read=436171 dirtied=5616 written=36413
                                       SubPlan 1
                                         ->  Aggregate  (cost=140.92..140.94 rows=1 width=4) (actual time=0.151..0.151 rows=1 loops=87604)
                                               Buffers: shared hit=2585532 read=423024 dirtied=5616 written=35392
                                               ->  Index Scan using lineitem_l_partkey_l_quantity_l_shipmode_idx on lineitem  (cost=0.00..140.92 rows=1 width=4) (actual time=0.093..0.149 rows=1 loops=87604)
                                                     Index Cond: (l_partkey = partsupp.ps_partkey)
                                                     Filter: ((l_shipdate >= '1995-01-01'::date) AND (l_shipdate < '1996-01-01'::date) AND (l_suppkey = partsupp.ps_suppkey))
                                                     Rows Removed by Filter: 29
                                                     Buffers: shared hit=2585532 read=423024 dirtied=5616 written=35392
 Total runtime: 15398.289 ms
(42 rows)

COMMIT;
COMMIT
