BEGIN;
BEGIN
EXPLAIN (ANALYZE, BUFFERS)
select
	s_name,
	s_address
from
	supplier,
	nation
where
	s_suppkey in (
		select
			distinct (ps_suppkey)
		from
			partsupp,
			part
		where
			ps_partkey=p_partkey
			and p_name like 'burnished%'
			and ps_availqty > (
				select
					0.5 * sum(l_quantity)
				from
					lineitem
				where
					l_partkey = ps_partkey
					and l_suppkey = ps_suppkey
					and l_shipdate >= '1993-01-01'
					and l_shipdate < cast(date '1993-01-01' + interval '1 year' as date)
			)
	)
	and s_nationkey = n_nationkey
	and n_name = 'INDIA'
order by
	s_name;
                                                                                                  QUERY PLAN                                                                                                   
---------------------------------------------------------------------------------------------------------------------------------------------------------------------------------------------------------------
 Sort  (cost=12748205.06..12748207.99 rows=1170 width=51) (actual time=13783.525..13783.626 rows=1810 loops=1)
   Sort Key: supplier.s_name
   Sort Method: quicksort  Memory: 258kB
   Buffers: shared hit=2674422 read=437050 dirtied=4563 written=224
   ->  Nested Loop  (cost=12743739.06..12748145.44 rows=1170 width=51) (actual time=13614.849..13774.737 rows=1810 loops=1)
         Join Filter: (supplier.s_nationkey = nation.n_nationkey)
         Rows Removed by Join Filter: 42769
         Buffers: shared hit=2674417 read=437050 dirtied=4563 written=224
         ->  Seq Scan on nation  (cost=0.00..1.31 rows=1 width=4) (actual time=0.010..0.024 rows=1 loops=1)
               Filter: (n_name = 'INDIA'::bpchar)
               Rows Removed by Filter: 24
               Buffers: shared hit=1
         ->  Hash Semi Join  (cost=12743739.06..12747778.46 rows=29253 width=55) (actual time=13614.800..13768.771 rows=44579 loops=1)
               Hash Cond: (supplier.s_suppkey = partsupp.ps_suppkey)
               Buffers: shared hit=2674416 read=437050 dirtied=4563 written=224
               ->  Seq Scan on supplier  (cost=0.00..3179.00 rows=100000 width=59) (actual time=0.012..35.441 rows=100000 loops=1)
                     Buffers: shared hit=2179
               ->  Hash  (cost=12743373.40..12743373.40 rows=29253 width=4) (actual time=13614.748..13614.748 rows=44579 loops=1)
                     Buckets: 4096  Batches: 1  Memory Usage: 1568kB
                     Buffers: shared hit=2672237 read=437050 dirtied=4563 written=224
                     ->  HashAggregate  (cost=12742788.34..12743080.87 rows=29253 width=4) (actual time=13568.332..13597.277 rows=44579 loops=1)
                           Buffers: shared hit=2672237 read=437050 dirtied=4563 written=224
                           ->  Nested Loop  (cost=0.00..12742715.21 rows=29253 width=4) (actual time=0.915..13461.565 rows=58811 loops=1)
                                 Buffers: shared hit=2672237 read=437050 dirtied=4563 written=224
                                 ->  Seq Scan on part  (cost=0.00..65522.00 rows=22035 width=4) (actual time=0.027..1113.001 rows=21700 loops=1)
                                       Filter: ((p_name)::text ~~ 'burnished%'::text)
                                       Rows Removed by Filter: 1978300
                                       Buffers: shared hit=1490 read=39032 written=20
                                 ->  Index Scan using pk_partsupp on partsupp  (cost=0.00..575.31 rows=1 width=8) (actual time=0.451..0.566 rows=3 loops=21700)
                                       Index Cond: (ps_partkey = part.p_partkey)
                                       Filter: ((ps_availqty)::double precision > (SubPlan 1))
                                       Rows Removed by Filter: 1
                                       Buffers: shared hit=2670747 read=398018 dirtied=4563 written=204
                                       SubPlan 1
                                         ->  Aggregate  (cost=140.92..140.94 rows=1 width=4) (actual time=0.131..0.131 rows=1 loops=86800)
                                               Buffers: shared hit=2611603 read=367590 dirtied=4563 written=195
                                               ->  Index Scan using lineitem_l_partkey_l_quantity_l_shipmode_idx on lineitem  (cost=0.00..140.92 rows=1 width=4) (actual time=0.082..0.129 rows=1 loops=86800)
                                                     Index Cond: (l_partkey = partsupp.ps_partkey)
                                                     Filter: ((l_shipdate >= '1993-01-01'::date) AND (l_shipdate < '1994-01-01'::date) AND (l_suppkey = partsupp.ps_suppkey))
                                                     Rows Removed by Filter: 29
                                                     Buffers: shared hit=2611603 read=367590 dirtied=4563 written=195
 Total runtime: 13785.313 ms
(42 rows)

COMMIT;
COMMIT
