BEGIN;
BEGIN
EXPLAIN
select
	sum(l_extendedprice* (1 - l_discount)) as revenue
from
	lineitem,
	part
where
	(
		p_partkey = l_partkey
		and p_brand = 'Brand#31'
		and p_container in ('SM CASE', 'SM BOX', 'SM PACK', 'SM PKG')
		and l_quantity >= 9 and l_quantity <= 9+10
		and p_size between 1 and 5
		and l_shipmode in ('AIR', 'AIR REG')
		and l_shipinstruct = 'DELIVER IN PERSON'
	)
	or
	(
		p_partkey = l_partkey
		and p_brand = 'Brand#12'
		and p_container in ('MED BAG', 'MED BOX', 'MED PKG', 'MED PACK')
		and l_quantity >= 16 and l_quantity <= 16+10
		and p_size between 1 and 10
		and l_shipmode in ('AIR', 'AIR REG')
		and l_shipinstruct = 'DELIVER IN PERSON'
	)
	or
	(
		p_partkey = l_partkey
		and p_brand = 'Brand#51'
		and p_container in ('LG CASE', 'LG BOX', 'LG PACK', 'LG PKG')
		and l_quantity >= 26 and l_quantity <= 26+10
		and p_size between 1 and 15
		and l_shipmode in ('AIR', 'AIR REG')
		and l_shipinstruct = 'DELIVER IN PERSON'
	);
                                                                                                                                                                                                                                                                                                                                                                                                                                                                                                                                                                                                       QUERY PLAN                                                                                                                                                                                                                                                                                                                                                                                                                                                                                                                                                                                                       
------------------------------------------------------------------------------------------------------------------------------------------------------------------------------------------------------------------------------------------------------------------------------------------------------------------------------------------------------------------------------------------------------------------------------------------------------------------------------------------------------------------------------------------------------------------------------------------------------------------------------------------------------------------------------------------------------------------------------------------------------------------------------------------------------------------------------------------------------------------------------------------------------------------------------------------------------------------------------------------------------------------------------------------------------------------------------------------------------------------------------------------------------------------------------------------------------------------------
 Aggregate  (cost=422673.71..422673.72 rows=1 width=8)
   ->  Nested Loop  (cost=13471.06..422666.09 rows=1015 width=8)
         ->  Bitmap Heap Scan on part  (cost=13471.06..37735.96 rows=10467 width=30)
               Recheck Cond: (((p_container = ANY ('{"SM CASE","SM BOX","SM PACK","SM PKG"}'::bpchar[])) AND (p_brand = 'Brand#31'::bpchar) AND (p_size <= 5) AND (p_size >= 1)) OR ((p_container = ANY ('{"MED BAG","MED BOX","MED PKG","MED PACK"}'::bpchar[])) AND (p_brand = 'Brand#12'::bpchar) AND (p_size <= 10) AND (p_size >= 1)) OR ((p_container = ANY ('{"LG CASE","LG BOX","LG PACK","LG PKG"}'::bpchar[])) AND (p_brand = 'Brand#51'::bpchar)))
               Filter: (p_size >= 1)
               ->  BitmapOr  (cost=13471.06..13471.06 rows=10477 width=0)
                     ->  BitmapAnd  (cost=4488.19..4488.19 rows=792 width=0)
                           ->  Bitmap Index Scan on part_p_container_p_brand_p_partkey_idx  (cost=0.00..288.77 rows=7930 width=0)
                                 Index Cond: ((p_container = ANY ('{"SM CASE","SM BOX","SM PACK","SM PKG"}'::bpchar[])) AND (p_brand = 'Brand#31'::bpchar))
                           ->  Bitmap Index Scan on part_p_size_idx  (cost=0.00..4193.94 rows=199747 width=0)
                                 Index Cond: ((p_size <= 5) AND (p_size >= 1))
                     ->  BitmapAnd  (cost=8690.15..8690.15 rows=1649 width=0)
                           ->  Bitmap Index Scan on part_p_container_p_brand_p_partkey_idx  (cost=0.00..291.93 rows=8245 width=0)
                                 Index Cond: ((p_container = ANY ('{"MED BAG","MED BOX","MED PKG","MED PACK"}'::bpchar[])) AND (p_brand = 'Brand#12'::bpchar))
                           ->  Bitmap Index Scan on part_p_size_idx  (cost=0.00..8392.74 rows=400027 width=0)
                                 Index Cond: ((p_size <= 10) AND (p_size >= 1))
                     ->  Bitmap Index Scan on part_p_container_p_brand_p_partkey_idx  (cost=0.00..289.85 rows=8036 width=0)
                           Index Cond: ((p_container = ANY ('{"LG CASE","LG BOX","LG PACK","LG PKG"}'::bpchar[])) AND (p_brand = 'Brand#51'::bpchar))
         ->  Index Scan using lineitem_l_partkey_l_quantity_l_shipmode_idx on lineitem  (cost=0.00..36.77 rows=1 width=16)
               Index Cond: ((l_partkey = part.p_partkey) AND (l_shipmode = ANY ('{AIR,"AIR REG"}'::bpchar[])))
               Filter: ((l_shipinstruct = 'DELIVER IN PERSON'::bpchar) AND (((l_quantity >= 9::double precision) AND (l_quantity <= 19::double precision) AND (l_shipmode = ANY ('{AIR,"AIR REG"}'::bpchar[]))) OR ((l_quantity >= 16::double precision) AND (l_quantity <= 26::double precision) AND (l_shipmode = ANY ('{AIR,"AIR REG"}'::bpchar[]))) OR ((l_quantity >= 26::double precision) AND (l_quantity <= 36::double precision) AND (l_shipmode = ANY ('{AIR,"AIR REG"}'::bpchar[])))) AND (((part.p_brand = 'Brand#31'::bpchar) AND (part.p_container = ANY ('{"SM CASE","SM BOX","SM PACK","SM PKG"}'::bpchar[])) AND (l_quantity >= 9::double precision) AND (l_quantity <= 19::double precision) AND (part.p_size <= 5)) OR ((part.p_brand = 'Brand#12'::bpchar) AND (part.p_container = ANY ('{"MED BAG","MED BOX","MED PKG","MED PACK"}'::bpchar[])) AND (l_quantity >= 16::double precision) AND (l_quantity <= 26::double precision) AND (part.p_size <= 10)) OR ((part.p_brand = 'Brand#51'::bpchar) AND (part.p_container = ANY ('{"LG CASE","LG BOX","LG PACK","LG PKG"}'::bpchar[])) AND (l_quantity >= 26::double precision) AND (l_quantity <= 36::double precision) AND (part.p_size <= 15))))
(21 rows)

COMMIT;
COMMIT
