BEGIN;
BEGIN
EXPLAIN (ANALYZE, BUFFERS)
select
	s_name,
	s_address
from
	supplier,
	nation
where
	s_suppkey in (
		select
			distinct (ps_suppkey)
		from
			partsupp,
			part
		where
			ps_partkey=p_partkey
			and p_name like 'light%'
			and ps_availqty > (
				select
					0.5 * sum(l_quantity)
				from
					lineitem
				where
					l_partkey = ps_partkey
					and l_suppkey = ps_suppkey
					and l_shipdate >= '1995-01-01'
					and l_shipdate < cast(date '1995-01-01' + interval '1 year' as date)
			)
	)
	and s_nationkey = n_nationkey
	and n_name = 'ARGENTINA'
order by
	s_name;
                                                                                                  QUERY PLAN                                                                                                   
---------------------------------------------------------------------------------------------------------------------------------------------------------------------------------------------------------------
 Sort  (cost=12740177.87..12740180.80 rows=1169 width=51) (actual time=16058.498..16058.703 rows=1818 loops=1)
   Sort Key: supplier.s_name
   Sort Method: quicksort  Memory: 258kB
   Buffers: shared hit=2673822 read=428202 dirtied=5215 written=1204
   ->  Nested Loop  (cost=12735712.48..12740118.31 rows=1169 width=51) (actual time=15734.905..16041.052 rows=1818 loops=1)
         Join Filter: (supplier.s_nationkey = nation.n_nationkey)
         Rows Removed by Join Filter: 42712
         Buffers: shared hit=2673817 read=428202 dirtied=5215 written=1204
         ->  Seq Scan on nation  (cost=0.00..1.31 rows=1 width=4) (actual time=0.013..0.030 rows=1 loops=1)
               Filter: (n_name = 'ARGENTINA'::bpchar)
               Rows Removed by Filter: 24
               Buffers: shared hit=1
         ->  Hash Semi Join  (cost=12735712.48..12739751.56 rows=29235 width=55) (actual time=15734.882..16031.802 rows=44530 loops=1)
               Hash Cond: (supplier.s_suppkey = partsupp.ps_suppkey)
               Buffers: shared hit=2673816 read=428202 dirtied=5215 written=1204
               ->  Seq Scan on supplier  (cost=0.00..3179.00 rows=100000 width=59) (actual time=0.021..52.069 rows=100000 loops=1)
                     Buffers: shared hit=2179
               ->  Hash  (cost=12735347.04..12735347.04 rows=29235 width=4) (actual time=15734.806..15734.806 rows=44530 loops=1)
                     Buckets: 4096  Batches: 1  Memory Usage: 1566kB
                     Buffers: shared hit=2671637 read=428202 dirtied=5215 written=1204
                     ->  HashAggregate  (cost=12734762.34..12735054.69 rows=29235 width=4) (actual time=15688.704..15716.646 rows=44530 loops=1)
                           Buffers: shared hit=2671637 read=428202 dirtied=5215 written=1204
                           ->  Nested Loop  (cost=0.00..12734689.26 rows=29235 width=4) (actual time=1.153..15566.660 rows=58646 loops=1)
                                 Buffers: shared hit=2671637 read=428202 dirtied=5215 written=1204
                                 ->  Seq Scan on part  (cost=0.00..65522.00 rows=22021 width=4) (actual time=0.017..1295.208 rows=21632 loops=1)
                                       Filter: ((p_name)::text ~~ 'light%'::text)
                                       Rows Removed by Filter: 1978368
                                       Buffers: shared hit=2377 read=38145 written=83
                                 ->  Index Scan using pk_partsupp on partsupp  (cost=0.00..575.31 rows=1 width=8) (actual time=0.524..0.657 rows=3 loops=21632)
                                       Index Cond: (ps_partkey = part.p_partkey)
                                       Filter: ((ps_availqty)::double precision > (SubPlan 1))
                                       Rows Removed by Filter: 1
                                       Buffers: shared hit=2669260 read=390057 dirtied=5215 written=1121
                                       SubPlan 1
                                         ->  Aggregate  (cost=140.92..140.94 rows=1 width=4) (actual time=0.153..0.153 rows=1 loops=86528)
                                               Buffers: shared hit=2605048 read=364861 dirtied=5215 written=1098
                                               ->  Index Scan using lineitem_l_partkey_l_quantity_l_shipmode_idx on lineitem  (cost=0.00..140.92 rows=1 width=4) (actual time=0.095..0.150 rows=1 loops=86528)
                                                     Index Cond: (l_partkey = partsupp.ps_partkey)
                                                     Filter: ((l_shipdate >= '1995-01-01'::date) AND (l_shipdate < '1996-01-01'::date) AND (l_suppkey = partsupp.ps_suppkey))
                                                     Rows Removed by Filter: 29
                                                     Buffers: shared hit=2605048 read=364861 dirtied=5215 written=1098
 Total runtime: 16061.337 ms
(42 rows)

COMMIT;
COMMIT
