BEGIN;
BEGIN
EXPLAIN (ANALYZE, BUFFERS)
select
	s_name,
	s_address
from
	supplier,
	nation
where
	s_suppkey in (
		select
			distinct (ps_suppkey)
		from
			partsupp,
			part
		where
			ps_partkey=p_partkey
			and p_name like 'snow%'
			and ps_availqty > (
				select
					0.5 * sum(l_quantity)
				from
					lineitem
				where
					l_partkey = ps_partkey
					and l_suppkey = ps_suppkey
					and l_shipdate >= '1997-01-01'
					and l_shipdate < cast(date '1997-01-01' + interval '1 year' as date)
			)
	)
	and s_nationkey = n_nationkey
	and n_name = 'KENYA'
order by
	s_name;
                                                                                                  QUERY PLAN                                                                                                   
---------------------------------------------------------------------------------------------------------------------------------------------------------------------------------------------------------------
 Sort  (cost=12740177.87..12740180.80 rows=1169 width=51) (actual time=11460.432..11460.541 rows=1791 loops=1)
   Sort Key: supplier.s_name
   Sort Method: quicksort  Memory: 259kB
   Buffers: shared hit=2686616 read=426751 dirtied=5854 written=19
   ->  Nested Loop  (cost=12735712.48..12740118.31 rows=1169 width=51) (actual time=11322.734..11451.253 rows=1791 loops=1)
         Join Filter: (supplier.s_nationkey = nation.n_nationkey)
         Rows Removed by Join Filter: 42905
         Buffers: shared hit=2686611 read=426751 dirtied=5854 written=19
         ->  Seq Scan on nation  (cost=0.00..1.31 rows=1 width=4) (actual time=0.017..0.026 rows=1 loops=1)
               Filter: (n_name = 'KENYA'::bpchar)
               Rows Removed by Filter: 24
               Buffers: shared hit=1
         ->  Hash Semi Join  (cost=12735712.48..12739751.56 rows=29235 width=55) (actual time=11322.706..11446.278 rows=44696 loops=1)
               Hash Cond: (supplier.s_suppkey = partsupp.ps_suppkey)
               Buffers: shared hit=2686610 read=426751 dirtied=5854 written=19
               ->  Seq Scan on supplier  (cost=0.00..3179.00 rows=100000 width=59) (actual time=0.022..31.279 rows=100000 loops=1)
                     Buffers: shared hit=2179
               ->  Hash  (cost=12735347.04..12735347.04 rows=29235 width=4) (actual time=11322.629..11322.629 rows=44696 loops=1)
                     Buckets: 4096  Batches: 1  Memory Usage: 1572kB
                     Buffers: shared hit=2684431 read=426751 dirtied=5854 written=19
                     ->  HashAggregate  (cost=12734762.34..12735054.69 rows=29235 width=4) (actual time=11286.253..11311.937 rows=44696 loops=1)
                           Buffers: shared hit=2684431 read=426751 dirtied=5854 written=19
                           ->  Nested Loop  (cost=0.00..12734689.26 rows=29235 width=4) (actual time=0.974..11199.158 rows=58931 loops=1)
                                 Buffers: shared hit=2684431 read=426751 dirtied=5854 written=19
                                 ->  Seq Scan on part  (cost=0.00..65522.00 rows=22021 width=4) (actual time=0.072..951.594 rows=21713 loops=1)
                                       Filter: ((p_name)::text ~~ 'snow%'::text)
                                       Rows Removed by Filter: 1978287
                                       Buffers: shared hit=3312 read=37210 written=1
                                 ->  Index Scan using pk_partsupp on partsupp  (cost=0.00..575.31 rows=1 width=8) (actual time=0.385..0.470 rows=3 loops=21713)
                                       Index Cond: (ps_partkey = part.p_partkey)
                                       Filter: ((ps_availqty)::double precision > (SubPlan 1))
                                       Rows Removed by Filter: 1
                                       Buffers: shared hit=2681119 read=389541 dirtied=5854 written=18
                                       SubPlan 1
                                         ->  Aggregate  (cost=140.92..140.94 rows=1 width=4) (actual time=0.109..0.109 rows=1 loops=86852)
                                               Buffers: shared hit=2621211 read=359896 dirtied=5854 written=18
                                               ->  Index Scan using lineitem_l_partkey_l_quantity_l_shipmode_idx on lineitem  (cost=0.00..140.92 rows=1 width=4) (actual time=0.068..0.107 rows=1 loops=86852)
                                                     Index Cond: (l_partkey = partsupp.ps_partkey)
                                                     Filter: ((l_shipdate >= '1997-01-01'::date) AND (l_shipdate < '1998-01-01'::date) AND (l_suppkey = partsupp.ps_suppkey))
                                                     Rows Removed by Filter: 29
                                                     Buffers: shared hit=2621211 read=359896 dirtied=5854 written=18
 Total runtime: 11462.663 ms
(42 rows)

COMMIT;
COMMIT
