BEGIN;
BEGIN
EXPLAIN (ANALYZE, BUFFERS)
select
	supp_nation,
	cust_nation,
	l_year,
	sum(volume) as revenue
from
	(
		select
			n1.n_name as supp_nation,
			n2.n_name as cust_nation,
			extract(year from l_shipdate) as l_year,
			l_extendedprice * (1 - l_discount) as volume
		from
			supplier,
			lineitem,
			orders,
			customer,
			nation n1,
			nation n2
		where
			s_suppkey = l_suppkey
			and o_orderkey = l_orderkey
			and c_custkey = o_custkey
			and s_nationkey = n1.n_nationkey
			and c_nationkey = n2.n_nationkey
			and (
				(n1.n_name = 'JORDAN' and n2.n_name = 'UNITED STATES')
				or (n1.n_name = 'UNITED STATES' and n2.n_name = 'JORDAN')
			)
			and l_shipdate between date '1995-01-01' and date '1996-12-31'
	) as shipping
group by
	supp_nation,
	cust_nation,
	l_year
order by
	supp_nation,
	cust_nation,
	l_year;
                                                                                                        QUERY PLAN                                                                                                         
---------------------------------------------------------------------------------------------------------------------------------------------------------------------------------------------------------------------------
 GroupAggregate  (cost=2367619.10..2369527.50 rows=58720 width=64) (actual time=85294.721..85324.197 rows=4 loops=1)
   Buffers: shared hit=684944 read=751264 written=17188
   ->  Sort  (cost=2367619.10..2367765.90 rows=58720 width=64) (actual time=85284.795..85293.550 rows=58344 loops=1)
         Sort Key: n1.n_name, n2.n_name, (date_part('year'::text, (lineitem.l_shipdate)::timestamp without time zone))
         Sort Method: quicksort  Memory: 9741kB
         Buffers: shared hit=684944 read=751264 written=17188
         ->  Hash Join  (cost=899287.32..2362968.02 rows=58720 width=64) (actual time=39230.989..84939.502 rows=58344 loops=1)
               Hash Cond: ((lineitem.l_suppkey = supplier.s_suppkey) AND (n1.n_nationkey = supplier.s_nationkey))
               Buffers: shared hit=684936 read=751264 written=17188
               ->  Hash Join  (cost=894608.32..2328010.12 rows=1469905 width=72) (actual time=39154.717..81529.226 rows=1462287 loops=1)
                     Hash Cond: (lineitem.l_orderkey = orders.o_orderkey)
                     Buffers: shared hit=682754 read=751264 written=17188
                     ->  Bitmap Heap Scan on lineitem  (cost=388581.16..1738326.96 rows=18388520 width=20) (actual time=14181.830..33842.237 rows=18247062 loops=1)
                           Recheck Cond: ((l_shipdate >= '1995-01-01'::date) AND (l_shipdate <= '1996-12-31'::date))
                           Buffers: shared hit=403879 read=716250 written=17188
                           ->  Bitmap Index Scan on lineitem_l_shipdate_l_suppkey__idx  (cost=0.00..383984.03 rows=18388520 width=0) (actual time=13550.126..13550.126 rows=18374583 loops=1)
                                 Index Cond: ((l_shipdate >= '1995-01-01'::date) AND (l_shipdate <= '1996-12-31'::date))
                                 Buffers: shared hit=2 read=49813 written=75
                     ->  Hash  (cost=490919.26..490919.26 rows=1208632 width=60) (actual time=24971.760..24971.760 rows=1203978 loops=1)
                           Buckets: 131072  Batches: 1  Memory Usage: 108170kB
                           Buffers: shared hit=278875 read=35014
                           ->  Hash Join  (cost=15638.06..490919.26 rows=1208632 width=60) (actual time=926.817..24288.844 rows=1203978 loops=1)
                                 Hash Cond: (orders.o_custkey = customer.c_custkey)
                                 Buffers: shared hit=278875 read=35014
                                 ->  Seq Scan on orders  (cost=0.00..406494.91 rows=15119991 width=8) (actual time=0.019..4395.407 rows=15015000 loops=1)
                                       Buffers: shared hit=254857 read=438
                                 ->  Hash  (cost=14139.26..14139.26 rows=119904 width=60) (actual time=926.625..926.625 rows=119915 loops=1)
                                       Buckets: 16384  Batches: 1  Memory Usage: 10774kB
                                       Buffers: shared hit=24018 read=34576
                                       ->  Nested Loop  (cost=905.09..14139.26 rows=119904 width=60) (actual time=21.021..831.608 rows=119915 loops=1)
                                             Buffers: shared hit=24018 read=34576
                                             ->  Nested Loop  (cost=0.00..28.00 rows=2 width=60) (actual time=0.233..0.421 rows=2 loops=1)
                                                   Join Filter: (((n1.n_name = 'JORDAN'::bpchar) AND (n2.n_name = 'UNITED STATES'::bpchar)) OR ((n1.n_name = 'UNITED STATES'::bpchar) AND (n2.n_name = 'JORDAN'::bpchar)))
                                                   Rows Removed by Join Filter: 623
                                                   Buffers: shared hit=3
                                                   ->  Index Scan using pk_nation on nation n1  (cost=0.00..12.63 rows=25 width=30) (actual time=0.036..0.059 rows=25 loops=1)
                                                         Buffers: shared hit=2
                                                   ->  Materialize  (cost=0.00..1.38 rows=25 width=30) (actual time=0.001..0.004 rows=25 loops=25)
                                                         Buffers: shared hit=1
                                                         ->  Seq Scan on nation n2  (cost=0.00..1.25 rows=25 width=30) (actual time=0.008..0.011 rows=25 loops=1)
                                                               Buffers: shared hit=1
                                             ->  Bitmap Heap Scan on customer  (cost=905.09..6455.63 rows=60000 width=8) (actual time=23.212..394.033 rows=59958 loops=2)
                                                   Recheck Cond: (c_nationkey = n2.n_nationkey)
                                                   Buffers: shared hit=24015 read=34576
                                                   ->  Bitmap Index Scan on customer_c_nationkey_c_custkey_idx  (cost=0.00..890.09 rows=60000 width=0) (actual time=16.064..16.064 rows=59958 loops=2)
                                                         Index Cond: (c_nationkey = n2.n_nationkey)
                                                         Buffers: shared hit=1 read=334
               ->  Hash  (cost=3179.00..3179.00 rows=100000 width=8) (actual time=75.455..75.455 rows=100000 loops=1)
                     Buckets: 16384  Batches: 1  Memory Usage: 3907kB
                     Buffers: shared hit=2179
                     ->  Seq Scan on supplier  (cost=0.00..3179.00 rows=100000 width=8) (actual time=0.010..49.599 rows=100000 loops=1)
                           Buffers: shared hit=2179
 Total runtime: 85353.614 ms
(53 rows)

COMMIT;
COMMIT
